<?xml version="1.0" encoding="UTF-8"?>
<!-- Generated by org.testng.reporters.JUnitXMLReporter -->
<testsuite ignored="0" hostname="DESKTOP-QUVVGH7" failures="4" tests="5" name="Test" time="17.063" errors="0" timestamp="2022-01-07T17:50:20 GMT-09:00">
  <testcase classname="com.crm.qa.testcases.Logintest" name="loginfunctionality" time="0.024">
    <failure type="java.lang.NullPointerException" message="Cannot invoke &amp;quot;org.openqa.selenium.WebDriver.findElement(org.openqa.selenium.By)&amp;quot; because &amp;quot;this.driver&amp;quot; is null">
      <![CDATA[java.lang.NullPointerException: Cannot invoke "org.openqa.selenium.WebDriver.findElement(org.openqa.selenium.By)" because "this.driver" is null
at com.crm.qa.pages.Loginpage.clicklogin(Loginpage.java:25)
at com.crm.qa.testcases.Logintest.loginfunctionality(Logintest.java:19)
at java.base/java.util.ArrayList.forEach(ArrayList.java:1511)
... Removed 27 stack frames]]>
    </failure>
  </testcase> <!-- loginfunctionality -->
  <testcase classname="com.crm.qa.testcases.Logintest" name="loginfunctionality" time="0.01">
    <failure type="java.lang.NullPointerException" message="Cannot invoke &amp;quot;org.openqa.selenium.WebDriver.findElement(org.openqa.selenium.By)&amp;quot; because &amp;quot;this.driver&amp;quot; is null">
      <![CDATA[java.lang.NullPointerException: Cannot invoke "org.openqa.selenium.WebDriver.findElement(org.openqa.selenium.By)" because "this.driver" is null
at com.crm.qa.pages.Loginpage.clicklogin(Loginpage.java:25)
at com.crm.qa.testcases.Logintest.loginfunctionality(Logintest.java:19)
at java.base/java.util.ArrayList.forEach(ArrayList.java:1511)
... Removed 27 stack frames]]>
    </failure>
  </testcase> <!-- loginfunctionality -->
  <testcase classname="com.crm.qa.testcases.Contacts_Test" name="loginfunctionality" time="0.01">
    <failure type="java.lang.NullPointerException" message="Cannot invoke &amp;quot;org.openqa.selenium.WebDriver.findElement(org.openqa.selenium.By)&amp;quot; because &amp;quot;this.driver&amp;quot; is null">
      <![CDATA[java.lang.NullPointerException: Cannot invoke "org.openqa.selenium.WebDriver.findElement(org.openqa.selenium.By)" because "this.driver" is null
at com.crm.qa.pages.Loginpage.clicklogin(Loginpage.java:25)
at com.crm.qa.testcases.Contacts_Test.loginfunctionality(Contacts_Test.java:23)
at java.base/java.util.ArrayList.forEach(ArrayList.java:1511)
... Removed 27 stack frames]]>
    </failure>
  </testcase> <!-- loginfunctionality -->
  <testcase classname="com.crm.qa.testcases.Contacts_Test" name="loginfunctionality" time="0.004">
    <failure type="java.lang.NullPointerException" message="Cannot invoke &amp;quot;org.openqa.selenium.WebDriver.findElement(org.openqa.selenium.By)&amp;quot; because &amp;quot;this.driver&amp;quot; is null">
      <![CDATA[java.lang.NullPointerException: Cannot invoke "org.openqa.selenium.WebDriver.findElement(org.openqa.selenium.By)" because "this.driver" is null
at com.crm.qa.pages.Loginpage.clicklogin(Loginpage.java:25)
at com.crm.qa.testcases.Contacts_Test.loginfunctionality(Contacts_Test.java:23)
at java.base/java.util.ArrayList.forEach(ArrayList.java:1511)
... Removed 27 stack frames]]>
    </failure>
  </testcase> <!-- loginfunctionality -->
  <testcase classname="com.crm.qa.testcases.Contacts_Test" name="verifycontactslabel" time="0.0">
    <skipped/>
  </testcase> <!-- verifycontactslabel -->
</testsuite> <!-- Test -->
